{"/home/user/peer-learning-project/peer-learning-platform/src/services/apiClient.js": {"path":"/home/user/peer-learning-project/peer-learning-platform/src/services/apiClient.js","statementMap":{"0":{"start":{"line":1,"column":16},"end":{"line":1,"column":null}},"1":{"start":{"line":3,"column":25},"end":{"line":25,"column":null}},"2":{"start":{"line":4,"column":2},"end":{"line":24,"column":null}},"3":{"start":{"line":5,"column":21},"end":{"line":11,"column":null}},"4":{"start":{"line":13,"column":4},"end":{"line":19,"column":null}},"5":{"start":{"line":14,"column":24},"end":{"line":14,"column":null}},"6":{"start":{"line":14,"column":58},"end":{"line":14,"column":62}},"7":{"start":{"line":16,"column":6},"end":{"line":18,"column":null}},"8":{"start":{"line":21,"column":4},"end":{"line":21,"column":null}},"9":{"start":{"line":23,"column":4},"end":{"line":23,"column":null}}},"fnMap":{"0":{"name":"(anonymous_0)","decl":{"start":{"line":3,"column":25},"end":{"line":3,"column":30}},"loc":{"start":{"line":3,"column":59},"end":{"line":25,"column":null}},"line":3},"1":{"name":"(anonymous_1)","decl":{"start":{"line":14,"column":52},"end":{"line":14,"column":53}},"loc":{"start":{"line":14,"column":58},"end":{"line":14,"column":62}},"line":14}},"branchMap":{"0":{"loc":{"start":{"line":3,"column":42},"end":{"line":3,"column":54}},"type":"default-arg","locations":[{"start":{"line":3,"column":52},"end":{"line":3,"column":54}}],"line":3},"1":{"loc":{"start":{"line":13,"column":4},"end":{"line":19,"column":null}},"type":"if","locations":[{"start":{"line":13,"column":4},"end":{"line":19,"column":null}},{"start":{},"end":{}}],"line":13},"2":{"loc":{"start":{"line":17,"column":8},"end":{"line":17,"column":null}},"type":"binary-expr","locations":[{"start":{"line":17,"column":8},"end":{"line":17,"column":26}},{"start":{"line":17,"column":30},"end":{"line":17,"column":null}}],"line":17},"3":{"loc":{"start":{"line":23,"column":20},"end":{"line":23,"column":52}},"type":"binary-expr","locations":[{"start":{"line":23,"column":20},"end":{"line":23,"column":33}},{"start":{"line":23,"column":37},"end":{"line":23,"column":52}}],"line":23}},"s":{"0":1,"1":1,"2":1,"3":1,"4":0,"5":0,"6":0,"7":0,"8":0,"9":1},"f":{"0":1,"1":0},"b":{"0":[1],"1":[0,0],"2":[0,0],"3":[1,0]},"meta":{"lastBranch":4,"lastFunction":2,"lastStatement":10,"seen":{"s:1:16:1:Infinity":0,"s:3:25:25:Infinity":1,"f:3:25:3:30":0,"b:3:52:3:54":0,"s:4:2:24:Infinity":2,"s:5:21:11:Infinity":3,"b:13:4:19:Infinity:undefined:undefined:undefined:undefined":1,"s:13:4:19:Infinity":4,"s:14:24:14:Infinity":5,"f:14:52:14:53":1,"s:14:58:14:62":6,"s:16:6:18:Infinity":7,"b:17:8:17:26:17:30:17:Infinity":2,"s:21:4:21:Infinity":8,"s:23:4:23:Infinity":9,"b:23:20:23:33:23:37:23:52":3}}}
,"/home/user/peer-learning-project/peer-learning-platform/src/services/skillService.js": {"path":"/home/user/peer-learning-project/peer-learning-platform/src/services/skillService.js","statementMap":{"0":{"start":{"line":4,"column":20},"end":{"line":38,"column":1}},"1":{"start":{"line":40,"column":25},"end":{"line":47,"column":null}},"2":{"start":{"line":41,"column":2},"end":{"line":46,"column":null}},"3":{"start":{"line":42,"column":4},"end":{"line":42,"column":null}},"4":{"start":{"line":44,"column":4},"end":{"line":44,"column":null}},"5":{"start":{"line":45,"column":4},"end":{"line":45,"column":null}},"6":{"start":{"line":49,"column":28},"end":{"line":65,"column":null}},"7":{"start":{"line":50,"column":2},"end":{"line":64,"column":null}},"8":{"start":{"line":51,"column":4},"end":{"line":51,"column":null}},"9":{"start":{"line":53,"column":4},"end":{"line":53,"column":null}},"10":{"start":{"line":55,"column":4},"end":{"line":63,"column":null}},"11":{"start":{"line":67,"column":27},"end":{"line":84,"column":null}},"12":{"start":{"line":68,"column":2},"end":{"line":83,"column":null}},"13":{"start":{"line":69,"column":4},"end":{"line":72,"column":null}},"14":{"start":{"line":74,"column":4},"end":{"line":74,"column":null}},"15":{"start":{"line":75,"column":21},"end":{"line":80,"column":null}},"16":{"start":{"line":81,"column":4},"end":{"line":81,"column":35}},"17":{"start":{"line":82,"column":4},"end":{"line":82,"column":null}},"18":{"start":{"line":87,"column":30},"end":{"line":89,"column":null}},"19":{"start":{"line":88,"column":2},"end":{"line":88,"column":null}}},"fnMap":{"0":{"name":"(anonymous_0)","decl":{"start":{"line":40,"column":25},"end":{"line":40,"column":30}},"loc":{"start":{"line":40,"column":37},"end":{"line":47,"column":null}},"line":40},"1":{"name":"(anonymous_1)","decl":{"start":{"line":49,"column":28},"end":{"line":49,"column":33}},"loc":{"start":{"line":49,"column":42},"end":{"line":65,"column":null}},"line":49},"2":{"name":"(anonymous_2)","decl":{"start":{"line":67,"column":27},"end":{"line":67,"column":32}},"loc":{"start":{"line":67,"column":48},"end":{"line":84,"column":null}},"line":67},"3":{"name":"(anonymous_3)","decl":{"start":{"line":87,"column":30},"end":{"line":87,"column":35}},"loc":{"start":{"line":87,"column":42},"end":{"line":89,"column":null}},"line":87}},"branchMap":{"0":{"loc":{"start":{"line":78,"column":14},"end":{"line":78,"column":45}},"type":"binary-expr","locations":[{"start":{"line":78,"column":14},"end":{"line":78,"column":30}},{"start":{"line":78,"column":34},"end":{"line":78,"column":45}}],"line":78},"1":{"loc":{"start":{"line":79,"column":16},"end":{"line":79,"column":null}},"type":"binary-expr","locations":[{"start":{"line":79,"column":16},"end":{"line":79,"column":34}},{"start":{"line":79,"column":38},"end":{"line":79,"column":null}}],"line":79}},"s":{"0":1,"1":1,"2":0,"3":0,"4":0,"5":0,"6":1,"7":1,"8":1,"9":1,"10":1,"11":1,"12":0,"13":0,"14":0,"15":0,"16":0,"17":0,"18":1,"19":0},"f":{"0":0,"1":1,"2":0,"3":0},"b":{"0":[0,0],"1":[0,0]},"meta":{"lastBranch":2,"lastFunction":4,"lastStatement":20,"seen":{"s:4:20:38:1":0,"s:40:25:47:Infinity":1,"f:40:25:40:30":0,"s:41:2:46:Infinity":2,"s:42:4:42:Infinity":3,"s:44:4:44:Infinity":4,"s:45:4:45:Infinity":5,"s:49:28:65:Infinity":6,"f:49:28:49:33":1,"s:50:2:64:Infinity":7,"s:51:4:51:Infinity":8,"s:53:4:53:Infinity":9,"s:55:4:63:Infinity":10,"s:67:27:84:Infinity":11,"f:67:27:67:32":2,"s:68:2:83:Infinity":12,"s:69:4:72:Infinity":13,"s:74:4:74:Infinity":14,"s:75:21:80:Infinity":15,"b:78:14:78:30:78:34:78:45":0,"b:79:16:79:34:79:38:79:Infinity":1,"s:81:4:81:35":16,"s:82:4:82:Infinity":17,"s:87:30:89:Infinity":18,"f:87:30:87:35":3,"s:88:2:88:Infinity":19}}}
,"/home/user/peer-learning-project/peer-learning-platform/src/utils/sessionManager.js": {"path":"/home/user/peer-learning-project/peer-learning-platform/src/utils/sessionManager.js","statementMap":{"0":{"start":{"line":4,"column":21},"end":{"line":4,"column":25}},"1":{"start":{"line":6,"column":29},"end":{"line":14,"column":1}},"2":{"start":{"line":7,"column":2},"end":{"line":12,"column":null}},"3":{"start":{"line":13,"column":2},"end":{"line":13,"column":null}},"4":{"start":{"line":16,"column":26},"end":{"line":18,"column":1}},"5":{"start":{"line":17,"column":2},"end":{"line":17,"column":null}},"6":{"start":{"line":20,"column":31},"end":{"line":22,"column":1}},"7":{"start":{"line":21,"column":2},"end":{"line":21,"column":null}},"8":{"start":{"line":24,"column":30},"end":{"line":33,"column":1}},"9":{"start":{"line":25,"column":2},"end":{"line":25,"column":null}},"10":{"start":{"line":25,"column":23},"end":{"line":25,"column":null}},"11":{"start":{"line":27,"column":2},"end":{"line":30,"column":null}},"12":{"start":{"line":28,"column":23},"end":{"line":28,"column":57}},"13":{"start":{"line":29,"column":4},"end":{"line":29,"column":null}},"14":{"start":{"line":32,"column":2},"end":{"line":32,"column":null}},"15":{"start":{"line":35,"column":28},"end":{"line":37,"column":1}},"16":{"start":{"line":36,"column":2},"end":{"line":36,"column":null}},"17":{"start":{"line":39,"column":30},"end":{"line":42,"column":1}},"18":{"start":{"line":40,"column":2},"end":{"line":40,"column":null}},"19":{"start":{"line":41,"column":2},"end":{"line":41,"column":null}},"20":{"start":{"line":44,"column":30},"end":{"line":46,"column":1}},"21":{"start":{"line":45,"column":2},"end":{"line":45,"column":null}},"22":{"start":{"line":48,"column":30},"end":{"line":60,"column":1}},"23":{"start":{"line":49,"column":16},"end":{"line":49,"column":33}},"24":{"start":{"line":50,"column":18},"end":{"line":53,"column":3}},"25":{"start":{"line":55,"column":2},"end":{"line":57,"column":null}},"26":{"start":{"line":56,"column":4},"end":{"line":56,"column":null}},"27":{"start":{"line":59,"column":2},"end":{"line":59,"column":null}},"28":{"start":{"line":62,"column":34},"end":{"line":71,"column":1}},"29":{"start":{"line":63,"column":18},"end":{"line":63,"column":49}},"30":{"start":{"line":65,"column":19},"end":{"line":68,"column":4}},"31":{"start":{"line":70,"column":2},"end":{"line":70,"column":null}},"32":{"start":{"line":73,"column":22},"end":{"line":73,"column":24}},"33":{"start":{"line":75,"column":29},"end":{"line":83,"column":1}},"34":{"start":{"line":76,"column":21},"end":{"line":80,"column":3}},"35":{"start":{"line":81,"column":2},"end":{"line":81,"column":null}},"36":{"start":{"line":82,"column":2},"end":{"line":82,"column":null}},"37":{"start":{"line":86,"column":27},"end":{"line":88,"column":1}},"38":{"start":{"line":87,"column":2},"end":{"line":87,"column":25}}},"fnMap":{"0":{"name":"(anonymous_0)","decl":{"start":{"line":6,"column":29},"end":{"line":6,"column":30}},"loc":{"start":{"line":6,"column":53},"end":{"line":14,"column":1}},"line":6},"1":{"name":"(anonymous_1)","decl":{"start":{"line":16,"column":26},"end":{"line":16,"column":27}},"loc":{"start":{"line":16,"column":32},"end":{"line":18,"column":1}},"line":16},"2":{"name":"(anonymous_2)","decl":{"start":{"line":20,"column":31},"end":{"line":20,"column":32}},"loc":{"start":{"line":20,"column":37},"end":{"line":22,"column":1}},"line":20},"3":{"name":"(anonymous_3)","decl":{"start":{"line":24,"column":30},"end":{"line":24,"column":31}},"loc":{"start":{"line":24,"column":36},"end":{"line":33,"column":1}},"line":24},"4":{"name":"(anonymous_4)","decl":{"start":{"line":35,"column":28},"end":{"line":35,"column":29}},"loc":{"start":{"line":35,"column":34},"end":{"line":37,"column":1}},"line":35},"5":{"name":"(anonymous_5)","decl":{"start":{"line":39,"column":30},"end":{"line":39,"column":31}},"loc":{"start":{"line":39,"column":54},"end":{"line":42,"column":1}},"line":39},"6":{"name":"(anonymous_6)","decl":{"start":{"line":44,"column":30},"end":{"line":44,"column":31}},"loc":{"start":{"line":44,"column":36},"end":{"line":46,"column":1}},"line":44},"7":{"name":"(anonymous_7)","decl":{"start":{"line":48,"column":30},"end":{"line":48,"column":31}},"loc":{"start":{"line":48,"column":58},"end":{"line":60,"column":1}},"line":48},"8":{"name":"(anonymous_8)","decl":{"start":{"line":62,"column":34},"end":{"line":62,"column":39}},"loc":{"start":{"line":62,"column":63},"end":{"line":71,"column":1}},"line":62},"9":{"name":"(anonymous_9)","decl":{"start":{"line":75,"column":29},"end":{"line":75,"column":30}},"loc":{"start":{"line":75,"column":46},"end":{"line":83,"column":1}},"line":75},"10":{"name":"(anonymous_10)","decl":{"start":{"line":86,"column":27},"end":{"line":86,"column":28}},"loc":{"start":{"line":86,"column":33},"end":{"line":88,"column":1}},"line":86}},"branchMap":{"0":{"loc":{"start":{"line":6,"column":36},"end":{"line":6,"column":48}},"type":"default-arg","locations":[{"start":{"line":6,"column":44},"end":{"line":6,"column":48}}],"line":6},"1":{"loc":{"start":{"line":11,"column":15},"end":{"line":11,"column":86}},"type":"cond-expr","locations":[{"start":{"line":11,"column":23},"end":{"line":11,"column":79}},{"start":{"line":11,"column":82},"end":{"line":11,"column":86}}],"line":11},"2":{"loc":{"start":{"line":21,"column":9},"end":{"line":21,"column":38}},"type":"binary-expr","locations":[{"start":{"line":21,"column":9},"end":{"line":21,"column":30}},{"start":{"line":21,"column":34},"end":{"line":21,"column":38}}],"line":21},"3":{"loc":{"start":{"line":25,"column":2},"end":{"line":25,"column":null}},"type":"if","locations":[{"start":{"line":25,"column":2},"end":{"line":25,"column":null}},{"start":{},"end":{}}],"line":25},"4":{"loc":{"start":{"line":27,"column":2},"end":{"line":30,"column":null}},"type":"if","locations":[{"start":{"line":27,"column":2},"end":{"line":30,"column":null}},{"start":{},"end":{}}],"line":27},"5":{"loc":{"start":{"line":39,"column":37},"end":{"line":39,"column":49}},"type":"default-arg","locations":[{"start":{"line":39,"column":45},"end":{"line":39,"column":49}}],"line":39},"6":{"loc":{"start":{"line":45,"column":9},"end":{"line":45,"column":37}},"type":"binary-expr","locations":[{"start":{"line":45,"column":9},"end":{"line":45,"column":29}},{"start":{"line":45,"column":33},"end":{"line":45,"column":37}}],"line":45},"7":{"loc":{"start":{"line":48,"column":31},"end":{"line":48,"column":53}},"type":"default-arg","locations":[{"start":{"line":48,"column":51},"end":{"line":48,"column":53}}],"line":48},"8":{"loc":{"start":{"line":55,"column":2},"end":{"line":57,"column":null}},"type":"if","locations":[{"start":{"line":55,"column":2},"end":{"line":57,"column":null}},{"start":{},"end":{}}],"line":55},"9":{"loc":{"start":{"line":62,"column":46},"end":{"line":62,"column":58}},"type":"default-arg","locations":[{"start":{"line":62,"column":56},"end":{"line":62,"column":58}}],"line":62}},"s":{"0":1,"1":1,"2":0,"3":0,"4":1,"5":0,"6":1,"7":0,"8":1,"9":0,"10":0,"11":0,"12":0,"13":0,"14":0,"15":1,"16":0,"17":1,"18":0,"19":0,"20":1,"21":0,"22":1,"23":0,"24":0,"25":0,"26":0,"27":0,"28":1,"29":0,"30":0,"31":0,"32":1,"33":1,"34":3,"35":3,"36":3,"37":1,"38":1},"f":{"0":0,"1":0,"2":0,"3":0,"4":0,"5":0,"6":0,"7":0,"8":0,"9":3,"10":1},"b":{"0":[0],"1":[0,0],"2":[0,0],"3":[0,0],"4":[0,0],"5":[0],"6":[0,0],"7":[0],"8":[0,0],"9":[0]},"meta":{"lastBranch":10,"lastFunction":11,"lastStatement":39,"seen":{"s:4:21:4:25":0,"s:6:29:14:1":1,"f:6:29:6:30":0,"b:6:44:6:48":0,"s:7:2:12:Infinity":2,"b:11:23:11:79:11:82:11:86":1,"s:13:2:13:Infinity":3,"s:16:26:18:1":4,"f:16:26:16:27":1,"s:17:2:17:Infinity":5,"s:20:31:22:1":6,"f:20:31:20:32":2,"s:21:2:21:Infinity":7,"b:21:9:21:30:21:34:21:38":2,"s:24:30:33:1":8,"f:24:30:24:31":3,"b:25:2:25:Infinity:undefined:undefined:undefined:undefined":3,"s:25:2:25:Infinity":9,"s:25:23:25:Infinity":10,"b:27:2:30:Infinity:undefined:undefined:undefined:undefined":4,"s:27:2:30:Infinity":11,"s:28:23:28:57":12,"s:29:4:29:Infinity":13,"s:32:2:32:Infinity":14,"s:35:28:37:1":15,"f:35:28:35:29":4,"s:36:2:36:Infinity":16,"s:39:30:42:1":17,"f:39:30:39:31":5,"b:39:45:39:49":5,"s:40:2:40:Infinity":18,"s:41:2:41:Infinity":19,"s:44:30:46:1":20,"f:44:30:44:31":6,"s:45:2:45:Infinity":21,"b:45:9:45:29:45:33:45:37":6,"s:48:30:60:1":22,"f:48:30:48:31":7,"b:48:51:48:53":7,"s:49:16:49:33":23,"s:50:18:53:3":24,"b:55:2:57:Infinity:undefined:undefined:undefined:undefined":8,"s:55:2:57:Infinity":25,"s:56:4:56:Infinity":26,"s:59:2:59:Infinity":27,"s:62:34:71:1":28,"f:62:34:62:39":8,"b:62:56:62:58":9,"s:63:18:63:49":29,"s:65:19:68:4":30,"s:70:2:70:Infinity":31,"s:73:22:73:24":32,"s:75:29:83:1":33,"f:75:29:75:30":9,"s:76:21:80:3":34,"s:81:2:81:Infinity":35,"s:82:2:82:Infinity":36,"s:86:27:88:1":37,"f:86:27:86:28":10,"s:87:2:87:25":38}}}
}
